<?xml version="1.0" encoding="UTF-8"?>
<!-- Generated by org.testng.reporters.JUnitXMLReporter -->
<testsuite hostname="DESKTOP-GJP5FA5" ignored="0" name="SuiteCRMTests" tests="9" failures="0" timestamp="27 Aug 2020 06:44:15 GMT" time="226.25" errors="0">
  <testcase name="activityTest1" time="0.058" classname="suiteCRM.Activity1"/>
  <testcase name="activityTest2" time="0.127" classname="suiteCRM.Activity2"/>
  <testcase name="activityTest3" time="0.102" classname="suiteCRM.Activity3"/>
  <testcase name="activityTest4" time="6.834" classname="suiteCRM.Activity4"/>
  <testcase name="activityTest5" time="8.073" classname="suiteCRM.Activity5"/>
  <testcase name="activityTest6" time="7.774" classname="suiteCRM.Activity6"/>
  <testcase name="activityTest7" time="14.451" classname="suiteCRM.Activity7"/>
  <testcase name="activityTest8" time="14.205" classname="suiteCRM.Activity8"/>
  <testcase name="activityTest9" time="13.525" classname="suiteCRM.Activity9"/>
</testsuite> <!-- SuiteCRMTests -->
